<?xml version="1.0" encoding="UTF-8"?>
<testsuite xmlns:xsi="http://www.w3.org/2001/XMLSchema-instance" xsi:noNamespaceSchemaLocation="https://maven.apache.org/surefire/maven-surefire-plugin/xsd/surefire-test-report.xsd" name="com.geekbrains.AppTest" time="0.016" tests="2" errors="0" skipped="0" failures="1">
  <properties>
    <property name="java.specification.version" value="17"/>
    <property name="sun.jnu.encoding" value="UTF-8"/>
    <property name="java.class.path" value="/Users/spartalex/IdeaProjects/quickstartProject/target/test-classes:/Users/spartalex/IdeaProjects/quickstartProject/target/classes:/Users/spartalex/.m2/repository/junit/junit/4.11/junit-4.11.jar:/Users/spartalex/.m2/repository/org/hamcrest/hamcrest-core/1.3/hamcrest-core-1.3.jar:/Users/spartalex/.m2/repository/com/squareup/okhttp3/okhttp/4.9.3/okhttp-4.9.3.jar:/Users/spartalex/.m2/repository/com/squareup/okio/okio/2.8.0/okio-2.8.0.jar:/Users/spartalex/.m2/repository/org/jetbrains/kotlin/kotlin-stdlib-common/1.4.0/kotlin-stdlib-common-1.4.0.jar:/Users/spartalex/.m2/repository/org/jetbrains/kotlin/kotlin-stdlib/1.4.10/kotlin-stdlib-1.4.10.jar:/Users/spartalex/.m2/repository/org/jetbrains/annotations/13.0/annotations-13.0.jar:"/>
    <property name="java.vm.vendor" value="BellSoft"/>
    <property name="sun.arch.data.model" value="64"/>
    <property name="java.vendor.url" value="https://bell-sw.com/"/>
    <property name="os.name" value="Mac OS X"/>
    <property name="java.vm.specification.version" value="17"/>
    <property name="sun.java.launcher" value="SUN_STANDARD"/>
    <property name="user.country" value="RU"/>
    <property name="sun.boot.library.path" value="/Users/spartalex/Library/Java/JavaVirtualMachines/liberica-17.0.1/lib"/>
    <property name="sun.java.command" value="/Users/spartalex/IdeaProjects/quickstartProject/target/surefire/surefirebooter11959083468484136532.jar /Users/spartalex/IdeaProjects/quickstartProject/target/surefire 2022-01-17T22-18-20_878-jvmRun1 surefire6577814869227022070tmp surefire_01464973850475123635tmp"/>
    <property name="http.nonProxyHosts" value="local|*.local|169.254/16|*.169.254/16"/>
    <property name="jdk.debug" value="release"/>
    <property name="surefire.test.class.path" value="/Users/spartalex/IdeaProjects/quickstartProject/target/test-classes:/Users/spartalex/IdeaProjects/quickstartProject/target/classes:/Users/spartalex/.m2/repository/junit/junit/4.11/junit-4.11.jar:/Users/spartalex/.m2/repository/org/hamcrest/hamcrest-core/1.3/hamcrest-core-1.3.jar:/Users/spartalex/.m2/repository/com/squareup/okhttp3/okhttp/4.9.3/okhttp-4.9.3.jar:/Users/spartalex/.m2/repository/com/squareup/okio/okio/2.8.0/okio-2.8.0.jar:/Users/spartalex/.m2/repository/org/jetbrains/kotlin/kotlin-stdlib-common/1.4.0/kotlin-stdlib-common-1.4.0.jar:/Users/spartalex/.m2/repository/org/jetbrains/kotlin/kotlin-stdlib/1.4.10/kotlin-stdlib-1.4.10.jar:/Users/spartalex/.m2/repository/org/jetbrains/annotations/13.0/annotations-13.0.jar:"/>
    <property name="sun.cpu.endian" value="little"/>
    <property name="user.home" value="/Users/spartalex"/>
    <property name="user.language" value="ru"/>
    <property name="java.specification.vendor" value="Oracle Corporation"/>
    <property name="java.version.date" value="2021-10-19"/>
    <property name="java.home" value="/Users/spartalex/Library/Java/JavaVirtualMachines/liberica-17.0.1"/>
    <property name="file.separator" value="/"/>
    <property name="basedir" value="/Users/spartalex/IdeaProjects/quickstartProject"/>
    <property name="java.vm.compressedOopsMode" value="Zero based"/>
    <property name="line.separator" value="&#10;"/>
    <property name="java.specification.name" value="Java Platform API Specification"/>
    <property name="java.vm.specification.vendor" value="Oracle Corporation"/>
    <property name="surefire.real.class.path" value="/Users/spartalex/IdeaProjects/quickstartProject/target/surefire/surefirebooter11959083468484136532.jar"/>
    <property name="sun.management.compiler" value="HotSpot 64-Bit Tiered Compilers"/>
    <property name="ftp.nonProxyHosts" value="local|*.local|169.254/16|*.169.254/16"/>
    <property name="java.runtime.version" value="17.0.1+12-LTS"/>
    <property name="user.name" value="spartalex"/>
    <property name="path.separator" value=":"/>
    <property name="os.version" value="11.6"/>
    <property name="java.runtime.name" value="OpenJDK Runtime Environment"/>
    <property name="file.encoding" value="UTF-8"/>
    <property name="java.vm.name" value="OpenJDK 64-Bit Server VM"/>
    <property name="localRepository" value="/Users/spartalex/.m2/repository"/>
    <property name="java.vendor.url.bug" value="https://bell-sw.com/support"/>
    <property name="java.io.tmpdir" value="/var/folders/kd/wl9lj_g90djb9p2xmhs12gl00000gn/T/"/>
    <property name="idea.version" value="2021.2.1"/>
    <property name="java.version" value="17.0.1"/>
    <property name="user.dir" value="/Users/spartalex/IdeaProjects/quickstartProject"/>
    <property name="os.arch" value="aarch64"/>
    <property name="java.vm.specification.name" value="Java Virtual Machine Specification"/>
    <property name="native.encoding" value="UTF-8"/>
    <property name="java.library.path" value="/Users/spartalex/Library/Java/Extensions:/Library/Java/Extensions:/Network/Library/Java/Extensions:/System/Library/Java/Extensions:/usr/lib/java:."/>
    <property name="java.vm.info" value="mixed mode, sharing"/>
    <property name="java.vendor" value="BellSoft"/>
    <property name="java.vm.version" value="17.0.1+12-LTS"/>
    <property name="sun.io.unicode.encoding" value="UnicodeBig"/>
    <property name="socksNonProxyHosts" value="local|*.local|169.254/16|*.169.254/16"/>
    <property name="java.class.version" value="61.0"/>
  </properties>
  <testcase name="shouldAnswerWithTrue" classname="com.geekbrains.AppTest" time="0.001"/>
  <testcase name="shouldAnswerWithTrue1" classname="com.geekbrains.AppTest" time="0.002">
    <failure type="java.lang.AssertionError">java.lang.AssertionError
	at com.geekbrains.AppTest.shouldAnswerWithTrue1(AppTest.java:26)
</failure>
    <system-out><![CDATA[AppTest1
]]></system-out>
  </testcase>
</testsuite>