<?xml version="1.0" encoding="UTF-8"?>
<testsuite xmlns:xsi="http://www.w3.org/2001/XMLSchema-instance" xsi:noNamespaceSchemaLocation="https://maven.apache.org/surefire/maven-surefire-plugin/xsd/surefire-test-report-3.0.xsd" version="3.0" name="com.geekbrains.lesson4.FunctionsTest" time="0.16" tests="11" errors="0" skipped="1" failures="1">
  <properties>
    <property name="java.specification.version" value="17"/>
    <property name="sun.jnu.encoding" value="UTF-8"/>
    <property name="java.class.path" value="/Users/spartalex/IdeaProjects/quickstartProject/target/test-classes:/Users/spartalex/IdeaProjects/quickstartProject/target/classes:/Users/spartalex/.m2/repository/org/junit/jupiter/junit-jupiter-api/5.8.2/junit-jupiter-api-5.8.2.jar:/Users/spartalex/.m2/repository/org/opentest4j/opentest4j/1.2.0/opentest4j-1.2.0.jar:/Users/spartalex/.m2/repository/org/junit/platform/junit-platform-commons/1.8.2/junit-platform-commons-1.8.2.jar:/Users/spartalex/.m2/repository/org/apiguardian/apiguardian-api/1.1.2/apiguardian-api-1.1.2.jar:/Users/spartalex/.m2/repository/org/junit/jupiter/junit-jupiter-params/5.8.2/junit-jupiter-params-5.8.2.jar:/Users/spartalex/.m2/repository/org/assertj/assertj-core/3.22.0/assertj-core-3.22.0.jar:/Users/spartalex/.m2/repository/ch/qos/logback/logback-classic/1.2.10/logback-classic-1.2.10.jar:/Users/spartalex/.m2/repository/ch/qos/logback/logback-core/1.2.10/logback-core-1.2.10.jar:/Users/spartalex/.m2/repository/org/slf4j/slf4j-api/1.7.32/slf4j-api-1.7.32.jar:/Users/spartalex/.m2/repository/org/seleniumhq/selenium/selenium-java/4.1.1/selenium-java-4.1.1.jar:/Users/spartalex/.m2/repository/org/seleniumhq/selenium/selenium-api/4.1.1/selenium-api-4.1.1.jar:/Users/spartalex/.m2/repository/org/seleniumhq/selenium/selenium-chrome-driver/4.1.1/selenium-chrome-driver-4.1.1.jar:/Users/spartalex/.m2/repository/com/google/auto/service/auto-service-annotations/1.0.1/auto-service-annotations-1.0.1.jar:/Users/spartalex/.m2/repository/com/google/auto/service/auto-service/1.0.1/auto-service-1.0.1.jar:/Users/spartalex/.m2/repository/com/google/auto/auto-common/1.2/auto-common-1.2.jar:/Users/spartalex/.m2/repository/org/seleniumhq/selenium/selenium-chromium-driver/4.1.1/selenium-chromium-driver-4.1.1.jar:/Users/spartalex/.m2/repository/org/seleniumhq/selenium/selenium-json/4.1.1/selenium-json-4.1.1.jar:/Users/spartalex/.m2/repository/org/seleniumhq/selenium/selenium-devtools-v85/4.1.1/selenium-devtools-v85-4.1.1.jar:/Users/spartalex/.m2/repository/org/seleniumhq/selenium/selenium-devtools-v94/4.1.1/selenium-devtools-v94-4.1.1.jar:/Users/spartalex/.m2/repository/org/seleniumhq/selenium/selenium-devtools-v95/4.1.1/selenium-devtools-v95-4.1.1.jar:/Users/spartalex/.m2/repository/org/seleniumhq/selenium/selenium-devtools-v96/4.1.1/selenium-devtools-v96-4.1.1.jar:/Users/spartalex/.m2/repository/org/seleniumhq/selenium/selenium-edge-driver/4.1.1/selenium-edge-driver-4.1.1.jar:/Users/spartalex/.m2/repository/org/seleniumhq/selenium/selenium-firefox-driver/4.1.1/selenium-firefox-driver-4.1.1.jar:/Users/spartalex/.m2/repository/org/seleniumhq/selenium/selenium-firefox-xpi-driver/4.1.1/selenium-firefox-xpi-driver-4.1.1.jar:/Users/spartalex/.m2/repository/org/seleniumhq/selenium/selenium-ie-driver/4.1.1/selenium-ie-driver-4.1.1.jar:/Users/spartalex/.m2/repository/org/seleniumhq/selenium/selenium-opera-driver/4.1.1/selenium-opera-driver-4.1.1.jar:/Users/spartalex/.m2/repository/org/seleniumhq/selenium/selenium-remote-driver/4.1.1/selenium-remote-driver-4.1.1.jar:/Users/spartalex/.m2/repository/com/beust/jcommander/1.81/jcommander-1.81.jar:/Users/spartalex/.m2/repository/io/netty/netty-buffer/4.1.70.Final/netty-buffer-4.1.70.Final.jar:/Users/spartalex/.m2/repository/io/netty/netty-codec-http/4.1.70.Final/netty-codec-http-4.1.70.Final.jar:/Users/spartalex/.m2/repository/io/netty/netty-codec/4.1.70.Final/netty-codec-4.1.70.Final.jar:/Users/spartalex/.m2/repository/io/netty/netty-handler/4.1.70.Final/netty-handler-4.1.70.Final.jar:/Users/spartalex/.m2/repository/io/netty/netty-common/4.1.70.Final/netty-common-4.1.70.Final.jar:/Users/spartalex/.m2/repository/io/netty/netty-transport-classes-epoll/4.1.70.Final/netty-transport-classes-epoll-4.1.70.Final.jar:/Users/spartalex/.m2/repository/io/netty/netty-transport-classes-kqueue/4.1.70.Final/netty-transport-classes-kqueue-4.1.70.Final.jar:/Users/spartalex/.m2/repository/io/netty/netty-transport-native-unix-common/4.1.70.Final/netty-transport-native-unix-common-4.1.70.Final.jar:/Users/spartalex/.m2/repository/io/netty/netty-transport/4.1.70.Final/netty-transport-4.1.70.Final.jar:/Users/spartalex/.m2/repository/io/netty/netty-resolver/4.1.70.Final/netty-resolver-4.1.70.Final.jar:/Users/spartalex/.m2/repository/io/opentelemetry/opentelemetry-api/1.9.1/opentelemetry-api-1.9.1.jar:/Users/spartalex/.m2/repository/io/opentelemetry/opentelemetry-context/1.9.1/opentelemetry-context-1.9.1.jar:/Users/spartalex/.m2/repository/io/opentelemetry/opentelemetry-exporter-logging/1.9.1/opentelemetry-exporter-logging-1.9.1.jar:/Users/spartalex/.m2/repository/io/opentelemetry/opentelemetry-sdk-metrics/1.9.1-alpha/opentelemetry-sdk-metrics-1.9.1-alpha.jar:/Users/spartalex/.m2/repository/io/opentelemetry/opentelemetry-sdk-logs/1.9.1-alpha/opentelemetry-sdk-logs-1.9.1-alpha.jar:/Users/spartalex/.m2/repository/io/opentelemetry/opentelemetry-sdk-common/1.9.1/opentelemetry-sdk-common-1.9.1.jar:/Users/spartalex/.m2/repository/io/opentelemetry/opentelemetry-sdk-extension-autoconfigure-spi/1.9.1/opentelemetry-sdk-extension-autoconfigure-spi-1.9.1.jar:/Users/spartalex/.m2/repository/io/opentelemetry/opentelemetry-sdk-extension-autoconfigure/1.9.1-alpha/opentelemetry-sdk-extension-autoconfigure-1.9.1-alpha.jar:/Users/spartalex/.m2/repository/io/opentelemetry/opentelemetry-sdk-trace/1.9.1/opentelemetry-sdk-trace-1.9.1.jar:/Users/spartalex/.m2/repository/io/opentelemetry/opentelemetry-api-metrics/1.9.1-alpha/opentelemetry-api-metrics-1.9.1-alpha.jar:/Users/spartalex/.m2/repository/io/opentelemetry/opentelemetry-sdk/1.9.1/opentelemetry-sdk-1.9.1.jar:/Users/spartalex/.m2/repository/io/opentelemetry/opentelemetry-semconv/1.9.1-alpha/opentelemetry-semconv-1.9.1-alpha.jar:/Users/spartalex/.m2/repository/io/ous/jtoml/2.0.0/jtoml-2.0.0.jar:/Users/spartalex/.m2/repository/net/bytebuddy/byte-buddy/1.12.2/byte-buddy-1.12.2.jar:/Users/spartalex/.m2/repository/org/apache/commons/commons-exec/1.3/commons-exec-1.3.jar:/Users/spartalex/.m2/repository/org/asynchttpclient/async-http-client/2.12.3/async-http-client-2.12.3.jar:/Users/spartalex/.m2/repository/org/asynchttpclient/async-http-client-netty-utils/2.12.3/async-http-client-netty-utils-2.12.3.jar:/Users/spartalex/.m2/repository/io/netty/netty-codec-socks/4.1.60.Final/netty-codec-socks-4.1.60.Final.jar:/Users/spartalex/.m2/repository/io/netty/netty-handler-proxy/4.1.60.Final/netty-handler-proxy-4.1.60.Final.jar:/Users/spartalex/.m2/repository/io/netty/netty-transport-native-epoll/4.1.60.Final/netty-transport-native-epoll-4.1.60.Final-linux-x86_64.jar:/Users/spartalex/.m2/repository/io/netty/netty-transport-native-kqueue/4.1.60.Final/netty-transport-native-kqueue-4.1.60.Final-osx-x86_64.jar:/Users/spartalex/.m2/repository/org/reactivestreams/reactive-streams/1.0.3/reactive-streams-1.0.3.jar:/Users/spartalex/.m2/repository/com/typesafe/netty/netty-reactive-streams/2.0.4/netty-reactive-streams-2.0.4.jar:/Users/spartalex/.m2/repository/com/sun/activation/jakarta.activation/1.2.2/jakarta.activation-1.2.2.jar:/Users/spartalex/.m2/repository/org/seleniumhq/selenium/selenium-http/4.1.1/selenium-http-4.1.1.jar:/Users/spartalex/.m2/repository/net/jodah/failsafe/2.4.4/failsafe-2.4.4.jar:/Users/spartalex/.m2/repository/org/seleniumhq/selenium/selenium-safari-driver/4.1.1/selenium-safari-driver-4.1.1.jar:/Users/spartalex/.m2/repository/org/seleniumhq/selenium/selenium-support/4.1.1/selenium-support-4.1.1.jar:/Users/spartalex/.m2/repository/io/github/bonigarcia/webdrivermanager/5.0.3/webdrivermanager-5.0.3.jar:/Users/spartalex/.m2/repository/com/google/code/gson/gson/2.8.8/gson-2.8.8.jar:/Users/spartalex/.m2/repository/org/jsoup/jsoup/1.14.2/jsoup-1.14.2.jar:/Users/spartalex/.m2/repository/com/github/docker-java/docker-java/3.2.12/docker-java-3.2.12.jar:/Users/spartalex/.m2/repository/com/github/docker-java/docker-java-core/3.2.12/docker-java-core-3.2.12.jar:/Users/spartalex/.m2/repository/com/github/docker-java/docker-java-api/3.2.12/docker-java-api-3.2.12.jar:/Users/spartalex/.m2/repository/com/fasterxml/jackson/core/jackson-annotations/2.10.3/jackson-annotations-2.10.3.jar:/Users/spartalex/.m2/repository/commons-io/commons-io/2.6/commons-io-2.6.jar:/Users/spartalex/.m2/repository/org/apache/commons/commons-compress/1.21/commons-compress-1.21.jar:/Users/spartalex/.m2/repository/commons-lang/commons-lang/2.6/commons-lang-2.6.jar:/Users/spartalex/.m2/repository/com/fasterxml/jackson/core/jackson-databind/2.10.3/jackson-databind-2.10.3.jar:/Users/spartalex/.m2/repository/com/fasterxml/jackson/core/jackson-core/2.10.3/jackson-core-2.10.3.jar:/Users/spartalex/.m2/repository/org/bouncycastle/bcpkix-jdk15on/1.64/bcpkix-jdk15on-1.64.jar:/Users/spartalex/.m2/repository/org/bouncycastle/bcprov-jdk15on/1.64/bcprov-jdk15on-1.64.jar:/Users/spartalex/.m2/repository/org/slf4j/jcl-over-slf4j/1.7.30/jcl-over-slf4j-1.7.30.jar:/Users/spartalex/.m2/repository/com/github/docker-java/docker-java-transport-httpclient5/3.2.12/docker-java-transport-httpclient5-3.2.12.jar:/Users/spartalex/.m2/repository/com/github/docker-java/docker-java-transport/3.2.12/docker-java-transport-3.2.12.jar:/Users/spartalex/.m2/repository/org/apache/httpcomponents/client5/httpclient5/5.0.3/httpclient5-5.0.3.jar:/Users/spartalex/.m2/repository/org/apache/httpcomponents/core5/httpcore5/5.0.2/httpcore5-5.0.2.jar:/Users/spartalex/.m2/repository/commons-codec/commons-codec/1.13/commons-codec-1.13.jar:/Users/spartalex/.m2/repository/net/java/dev/jna/jna/5.8.0/jna-5.8.0.jar:/Users/spartalex/.m2/repository/com/google/guava/guava/30.1.1-jre/guava-30.1.1-jre.jar:/Users/spartalex/.m2/repository/com/google/guava/failureaccess/1.0.1/failureaccess-1.0.1.jar:/Users/spartalex/.m2/repository/com/google/guava/listenablefuture/9999.0-empty-to-avoid-conflict-with-guava/listenablefuture-9999.0-empty-to-avoid-conflict-with-guava.jar:/Users/spartalex/.m2/repository/com/google/code/findbugs/jsr305/3.0.2/jsr305-3.0.2.jar:/Users/spartalex/.m2/repository/org/checkerframework/checker-qual/3.8.0/checker-qual-3.8.0.jar:/Users/spartalex/.m2/repository/com/google/errorprone/error_prone_annotations/2.5.1/error_prone_annotations-2.5.1.jar:/Users/spartalex/.m2/repository/com/google/j2objc/j2objc-annotations/1.3/j2objc-annotations-1.3.jar:/Users/spartalex/.m2/repository/org/brotli/dec/0.1.2/dec-0.1.2.jar:"/>
    <property name="java.vm.vendor" value="Homebrew"/>
    <property name="sun.arch.data.model" value="64"/>
    <property name="java.vendor.url" value="https://github.com/Homebrew/homebrew-core/issues"/>
    <property name="user.timezone" value="Europe/Moscow"/>
    <property name="os.name" value="Mac OS X"/>
    <property name="java.vm.specification.version" value="17"/>
    <property name="sun.java.launcher" value="SUN_STANDARD"/>
    <property name="user.country" value="RU"/>
    <property name="sun.boot.library.path" value="/opt/homebrew/Cellar/openjdk/17/libexec/openjdk.jdk/Contents/Home/lib"/>
    <property name="sun.java.command" value="/Users/spartalex/IdeaProjects/quickstartProject/target/surefire/surefirebooter16238587667184389396.jar /Users/spartalex/IdeaProjects/quickstartProject/target/surefire 2022-01-24T21-57-36_245-jvmRun1 surefire5264372162494654555tmp surefire_0359666204031894453tmp"/>
    <property name="http.nonProxyHosts" value="local|*.local|169.254/16|*.169.254/16"/>
    <property name="jdk.debug" value="release"/>
    <property name="test" value="FunctionsTest"/>
    <property name="surefire.test.class.path" value="/Users/spartalex/IdeaProjects/quickstartProject/target/test-classes:/Users/spartalex/IdeaProjects/quickstartProject/target/classes:/Users/spartalex/.m2/repository/org/junit/jupiter/junit-jupiter-api/5.8.2/junit-jupiter-api-5.8.2.jar:/Users/spartalex/.m2/repository/org/opentest4j/opentest4j/1.2.0/opentest4j-1.2.0.jar:/Users/spartalex/.m2/repository/org/junit/platform/junit-platform-commons/1.8.2/junit-platform-commons-1.8.2.jar:/Users/spartalex/.m2/repository/org/apiguardian/apiguardian-api/1.1.2/apiguardian-api-1.1.2.jar:/Users/spartalex/.m2/repository/org/junit/jupiter/junit-jupiter-params/5.8.2/junit-jupiter-params-5.8.2.jar:/Users/spartalex/.m2/repository/org/assertj/assertj-core/3.22.0/assertj-core-3.22.0.jar:/Users/spartalex/.m2/repository/ch/qos/logback/logback-classic/1.2.10/logback-classic-1.2.10.jar:/Users/spartalex/.m2/repository/ch/qos/logback/logback-core/1.2.10/logback-core-1.2.10.jar:/Users/spartalex/.m2/repository/org/slf4j/slf4j-api/1.7.32/slf4j-api-1.7.32.jar:/Users/spartalex/.m2/repository/org/seleniumhq/selenium/selenium-java/4.1.1/selenium-java-4.1.1.jar:/Users/spartalex/.m2/repository/org/seleniumhq/selenium/selenium-api/4.1.1/selenium-api-4.1.1.jar:/Users/spartalex/.m2/repository/org/seleniumhq/selenium/selenium-chrome-driver/4.1.1/selenium-chrome-driver-4.1.1.jar:/Users/spartalex/.m2/repository/com/google/auto/service/auto-service-annotations/1.0.1/auto-service-annotations-1.0.1.jar:/Users/spartalex/.m2/repository/com/google/auto/service/auto-service/1.0.1/auto-service-1.0.1.jar:/Users/spartalex/.m2/repository/com/google/auto/auto-common/1.2/auto-common-1.2.jar:/Users/spartalex/.m2/repository/org/seleniumhq/selenium/selenium-chromium-driver/4.1.1/selenium-chromium-driver-4.1.1.jar:/Users/spartalex/.m2/repository/org/seleniumhq/selenium/selenium-json/4.1.1/selenium-json-4.1.1.jar:/Users/spartalex/.m2/repository/org/seleniumhq/selenium/selenium-devtools-v85/4.1.1/selenium-devtools-v85-4.1.1.jar:/Users/spartalex/.m2/repository/org/seleniumhq/selenium/selenium-devtools-v94/4.1.1/selenium-devtools-v94-4.1.1.jar:/Users/spartalex/.m2/repository/org/seleniumhq/selenium/selenium-devtools-v95/4.1.1/selenium-devtools-v95-4.1.1.jar:/Users/spartalex/.m2/repository/org/seleniumhq/selenium/selenium-devtools-v96/4.1.1/selenium-devtools-v96-4.1.1.jar:/Users/spartalex/.m2/repository/org/seleniumhq/selenium/selenium-edge-driver/4.1.1/selenium-edge-driver-4.1.1.jar:/Users/spartalex/.m2/repository/org/seleniumhq/selenium/selenium-firefox-driver/4.1.1/selenium-firefox-driver-4.1.1.jar:/Users/spartalex/.m2/repository/org/seleniumhq/selenium/selenium-firefox-xpi-driver/4.1.1/selenium-firefox-xpi-driver-4.1.1.jar:/Users/spartalex/.m2/repository/org/seleniumhq/selenium/selenium-ie-driver/4.1.1/selenium-ie-driver-4.1.1.jar:/Users/spartalex/.m2/repository/org/seleniumhq/selenium/selenium-opera-driver/4.1.1/selenium-opera-driver-4.1.1.jar:/Users/spartalex/.m2/repository/org/seleniumhq/selenium/selenium-remote-driver/4.1.1/selenium-remote-driver-4.1.1.jar:/Users/spartalex/.m2/repository/com/beust/jcommander/1.81/jcommander-1.81.jar:/Users/spartalex/.m2/repository/io/netty/netty-buffer/4.1.70.Final/netty-buffer-4.1.70.Final.jar:/Users/spartalex/.m2/repository/io/netty/netty-codec-http/4.1.70.Final/netty-codec-http-4.1.70.Final.jar:/Users/spartalex/.m2/repository/io/netty/netty-codec/4.1.70.Final/netty-codec-4.1.70.Final.jar:/Users/spartalex/.m2/repository/io/netty/netty-handler/4.1.70.Final/netty-handler-4.1.70.Final.jar:/Users/spartalex/.m2/repository/io/netty/netty-common/4.1.70.Final/netty-common-4.1.70.Final.jar:/Users/spartalex/.m2/repository/io/netty/netty-transport-classes-epoll/4.1.70.Final/netty-transport-classes-epoll-4.1.70.Final.jar:/Users/spartalex/.m2/repository/io/netty/netty-transport-classes-kqueue/4.1.70.Final/netty-transport-classes-kqueue-4.1.70.Final.jar:/Users/spartalex/.m2/repository/io/netty/netty-transport-native-unix-common/4.1.70.Final/netty-transport-native-unix-common-4.1.70.Final.jar:/Users/spartalex/.m2/repository/io/netty/netty-transport/4.1.70.Final/netty-transport-4.1.70.Final.jar:/Users/spartalex/.m2/repository/io/netty/netty-resolver/4.1.70.Final/netty-resolver-4.1.70.Final.jar:/Users/spartalex/.m2/repository/io/opentelemetry/opentelemetry-api/1.9.1/opentelemetry-api-1.9.1.jar:/Users/spartalex/.m2/repository/io/opentelemetry/opentelemetry-context/1.9.1/opentelemetry-context-1.9.1.jar:/Users/spartalex/.m2/repository/io/opentelemetry/opentelemetry-exporter-logging/1.9.1/opentelemetry-exporter-logging-1.9.1.jar:/Users/spartalex/.m2/repository/io/opentelemetry/opentelemetry-sdk-metrics/1.9.1-alpha/opentelemetry-sdk-metrics-1.9.1-alpha.jar:/Users/spartalex/.m2/repository/io/opentelemetry/opentelemetry-sdk-logs/1.9.1-alpha/opentelemetry-sdk-logs-1.9.1-alpha.jar:/Users/spartalex/.m2/repository/io/opentelemetry/opentelemetry-sdk-common/1.9.1/opentelemetry-sdk-common-1.9.1.jar:/Users/spartalex/.m2/repository/io/opentelemetry/opentelemetry-sdk-extension-autoconfigure-spi/1.9.1/opentelemetry-sdk-extension-autoconfigure-spi-1.9.1.jar:/Users/spartalex/.m2/repository/io/opentelemetry/opentelemetry-sdk-extension-autoconfigure/1.9.1-alpha/opentelemetry-sdk-extension-autoconfigure-1.9.1-alpha.jar:/Users/spartalex/.m2/repository/io/opentelemetry/opentelemetry-sdk-trace/1.9.1/opentelemetry-sdk-trace-1.9.1.jar:/Users/spartalex/.m2/repository/io/opentelemetry/opentelemetry-api-metrics/1.9.1-alpha/opentelemetry-api-metrics-1.9.1-alpha.jar:/Users/spartalex/.m2/repository/io/opentelemetry/opentelemetry-sdk/1.9.1/opentelemetry-sdk-1.9.1.jar:/Users/spartalex/.m2/repository/io/opentelemetry/opentelemetry-semconv/1.9.1-alpha/opentelemetry-semconv-1.9.1-alpha.jar:/Users/spartalex/.m2/repository/io/ous/jtoml/2.0.0/jtoml-2.0.0.jar:/Users/spartalex/.m2/repository/net/bytebuddy/byte-buddy/1.12.2/byte-buddy-1.12.2.jar:/Users/spartalex/.m2/repository/org/apache/commons/commons-exec/1.3/commons-exec-1.3.jar:/Users/spartalex/.m2/repository/org/asynchttpclient/async-http-client/2.12.3/async-http-client-2.12.3.jar:/Users/spartalex/.m2/repository/org/asynchttpclient/async-http-client-netty-utils/2.12.3/async-http-client-netty-utils-2.12.3.jar:/Users/spartalex/.m2/repository/io/netty/netty-codec-socks/4.1.60.Final/netty-codec-socks-4.1.60.Final.jar:/Users/spartalex/.m2/repository/io/netty/netty-handler-proxy/4.1.60.Final/netty-handler-proxy-4.1.60.Final.jar:/Users/spartalex/.m2/repository/io/netty/netty-transport-native-epoll/4.1.60.Final/netty-transport-native-epoll-4.1.60.Final-linux-x86_64.jar:/Users/spartalex/.m2/repository/io/netty/netty-transport-native-kqueue/4.1.60.Final/netty-transport-native-kqueue-4.1.60.Final-osx-x86_64.jar:/Users/spartalex/.m2/repository/org/reactivestreams/reactive-streams/1.0.3/reactive-streams-1.0.3.jar:/Users/spartalex/.m2/repository/com/typesafe/netty/netty-reactive-streams/2.0.4/netty-reactive-streams-2.0.4.jar:/Users/spartalex/.m2/repository/com/sun/activation/jakarta.activation/1.2.2/jakarta.activation-1.2.2.jar:/Users/spartalex/.m2/repository/org/seleniumhq/selenium/selenium-http/4.1.1/selenium-http-4.1.1.jar:/Users/spartalex/.m2/repository/net/jodah/failsafe/2.4.4/failsafe-2.4.4.jar:/Users/spartalex/.m2/repository/org/seleniumhq/selenium/selenium-safari-driver/4.1.1/selenium-safari-driver-4.1.1.jar:/Users/spartalex/.m2/repository/org/seleniumhq/selenium/selenium-support/4.1.1/selenium-support-4.1.1.jar:/Users/spartalex/.m2/repository/io/github/bonigarcia/webdrivermanager/5.0.3/webdrivermanager-5.0.3.jar:/Users/spartalex/.m2/repository/com/google/code/gson/gson/2.8.8/gson-2.8.8.jar:/Users/spartalex/.m2/repository/org/jsoup/jsoup/1.14.2/jsoup-1.14.2.jar:/Users/spartalex/.m2/repository/com/github/docker-java/docker-java/3.2.12/docker-java-3.2.12.jar:/Users/spartalex/.m2/repository/com/github/docker-java/docker-java-core/3.2.12/docker-java-core-3.2.12.jar:/Users/spartalex/.m2/repository/com/github/docker-java/docker-java-api/3.2.12/docker-java-api-3.2.12.jar:/Users/spartalex/.m2/repository/com/fasterxml/jackson/core/jackson-annotations/2.10.3/jackson-annotations-2.10.3.jar:/Users/spartalex/.m2/repository/commons-io/commons-io/2.6/commons-io-2.6.jar:/Users/spartalex/.m2/repository/org/apache/commons/commons-compress/1.21/commons-compress-1.21.jar:/Users/spartalex/.m2/repository/commons-lang/commons-lang/2.6/commons-lang-2.6.jar:/Users/spartalex/.m2/repository/com/fasterxml/jackson/core/jackson-databind/2.10.3/jackson-databind-2.10.3.jar:/Users/spartalex/.m2/repository/com/fasterxml/jackson/core/jackson-core/2.10.3/jackson-core-2.10.3.jar:/Users/spartalex/.m2/repository/org/bouncycastle/bcpkix-jdk15on/1.64/bcpkix-jdk15on-1.64.jar:/Users/spartalex/.m2/repository/org/bouncycastle/bcprov-jdk15on/1.64/bcprov-jdk15on-1.64.jar:/Users/spartalex/.m2/repository/org/slf4j/jcl-over-slf4j/1.7.30/jcl-over-slf4j-1.7.30.jar:/Users/spartalex/.m2/repository/com/github/docker-java/docker-java-transport-httpclient5/3.2.12/docker-java-transport-httpclient5-3.2.12.jar:/Users/spartalex/.m2/repository/com/github/docker-java/docker-java-transport/3.2.12/docker-java-transport-3.2.12.jar:/Users/spartalex/.m2/repository/org/apache/httpcomponents/client5/httpclient5/5.0.3/httpclient5-5.0.3.jar:/Users/spartalex/.m2/repository/org/apache/httpcomponents/core5/httpcore5/5.0.2/httpcore5-5.0.2.jar:/Users/spartalex/.m2/repository/commons-codec/commons-codec/1.13/commons-codec-1.13.jar:/Users/spartalex/.m2/repository/net/java/dev/jna/jna/5.8.0/jna-5.8.0.jar:/Users/spartalex/.m2/repository/com/google/guava/guava/30.1.1-jre/guava-30.1.1-jre.jar:/Users/spartalex/.m2/repository/com/google/guava/failureaccess/1.0.1/failureaccess-1.0.1.jar:/Users/spartalex/.m2/repository/com/google/guava/listenablefuture/9999.0-empty-to-avoid-conflict-with-guava/listenablefuture-9999.0-empty-to-avoid-conflict-with-guava.jar:/Users/spartalex/.m2/repository/com/google/code/findbugs/jsr305/3.0.2/jsr305-3.0.2.jar:/Users/spartalex/.m2/repository/org/checkerframework/checker-qual/3.8.0/checker-qual-3.8.0.jar:/Users/spartalex/.m2/repository/com/google/errorprone/error_prone_annotations/2.5.1/error_prone_annotations-2.5.1.jar:/Users/spartalex/.m2/repository/com/google/j2objc/j2objc-annotations/1.3/j2objc-annotations-1.3.jar:/Users/spartalex/.m2/repository/org/brotli/dec/0.1.2/dec-0.1.2.jar:"/>
    <property name="sun.cpu.endian" value="little"/>
    <property name="user.home" value="/Users/spartalex"/>
    <property name="user.language" value="ru"/>
    <property name="java.specification.vendor" value="Oracle Corporation"/>
    <property name="java.version.date" value="2021-09-14"/>
    <property name="java.home" value="/opt/homebrew/Cellar/openjdk/17/libexec/openjdk.jdk/Contents/Home"/>
    <property name="file.separator" value="/"/>
    <property name="basedir" value="/Users/spartalex/IdeaProjects/quickstartProject"/>
    <property name="java.vm.compressedOopsMode" value="Zero based"/>
    <property name="line.separator" value="&#10;"/>
    <property name="java.vm.specification.vendor" value="Oracle Corporation"/>
    <property name="java.specification.name" value="Java Platform API Specification"/>
    <property name="surefire.real.class.path" value="/Users/spartalex/IdeaProjects/quickstartProject/target/surefire/surefirebooter16238587667184389396.jar"/>
    <property name="sun.management.compiler" value="HotSpot 64-Bit Tiered Compilers"/>
    <property name="ftp.nonProxyHosts" value="local|*.local|169.254/16|*.169.254/16"/>
    <property name="java.runtime.version" value="17+0"/>
    <property name="user.name" value="spartalex"/>
    <property name="path.separator" value=":"/>
    <property name="os.version" value="11.6"/>
    <property name="java.runtime.name" value="OpenJDK Runtime Environment"/>
    <property name="file.encoding" value="UTF-8"/>
    <property name="java.vm.name" value="OpenJDK 64-Bit Server VM"/>
    <property name="java.vendor.version" value="Homebrew"/>
    <property name="localRepository" value="/Users/spartalex/.m2/repository"/>
    <property name="java.vendor.url.bug" value="https://github.com/Homebrew/homebrew-core/issues"/>
    <property name="java.io.tmpdir" value="/var/folders/kd/wl9lj_g90djb9p2xmhs12gl00000gn/T/"/>
    <property name="java.version" value="17"/>
    <property name="user.dir" value="/Users/spartalex/IdeaProjects/quickstartProject"/>
    <property name="os.arch" value="aarch64"/>
    <property name="java.vm.specification.name" value="Java Virtual Machine Specification"/>
    <property name="native.encoding" value="UTF-8"/>
    <property name="java.library.path" value="/Users/spartalex/Library/Java/Extensions:/Library/Java/Extensions:/Network/Library/Java/Extensions:/System/Library/Java/Extensions:/usr/lib/java:."/>
    <property name="java.vm.info" value="mixed mode, sharing"/>
    <property name="java.vendor" value="Homebrew"/>
    <property name="java.vm.version" value="17+0"/>
    <property name="sun.io.unicode.encoding" value="UnicodeBig"/>
    <property name="socksNonProxyHosts" value="local|*.local|169.254/16|*.169.254/16"/>
    <property name="java.class.version" value="61.0"/>
  </properties>
  <testcase name="assumptionTest" classname="com.geekbrains.lesson4.FunctionsTest" time="0">
    <skipped type="org.opentest4j.TestAbortedException"><![CDATA[org.opentest4j.TestAbortedException: Assumption failed: assumption is not true
	at com.geekbrains.lesson4.FunctionsTest.assumptionTest(FunctionsTest.java:82)
]]></skipped>
    <system-out><![CDATA[Выполнимся 1 раз перед всеми тестами, например загрузка данных в базу!
21:57:36.879 [main] ERROR FunctionsTest.class - err log data
Выполняемся перед каждым тестом
Закрытие браузера
]]></system-out>
  </testcase>
  <testcase name="dataProviderTest(Cat)[1]" classname="com.geekbrains.lesson4.FunctionsTest" time="0.009">
    <system-out><![CDATA[Выполняемся перед каждым тестом
Cat{name='Moris', age=10}
Закрытие браузера
]]></system-out>
  </testcase>
  <testcase name="dataProviderTest(Cat)[2]" classname="com.geekbrains.lesson4.FunctionsTest" time="0.001">
    <system-out><![CDATA[Выполняемся перед каждым тестом
Cat{name='Barsik', age=11}
Закрытие браузера
]]></system-out>
  </testcase>
  <testcase name="givenPrimeNumberWhenRunIsPrimeMethodThenTrue" classname="com.geekbrains.lesson4.FunctionsTest" time="0.003">
    <system-out><![CDATA[Выполняемся перед каждым тестом
Закрытие браузера
]]></system-out>
  </testcase>
  <testcase name="isPalindromAndNotPalindromTest(String, Boolean)[1]" classname="com.geekbrains.lesson4.FunctionsTest" time="0">
    <system-out><![CDATA[Выполняемся перед каждым тестом
Закрытие браузера
]]></system-out>
  </testcase>
  <testcase name="isPalindromAndNotPalindromTest(String, Boolean)[2]" classname="com.geekbrains.lesson4.FunctionsTest" time="0.002">
    <system-out><![CDATA[Выполняемся перед каждым тестом
Закрытие браузера
]]></system-out>
  </testcase>
  <testcase name="assertAllTest" classname="com.geekbrains.lesson4.FunctionsTest" time="0.003">
    <failure type="org.opentest4j.MultipleFailuresError"><![CDATA[org.opentest4j.MultipleFailuresError: 
Multiple Failures (2 failures)
	org.opentest4j.AssertionFailedError: expected: <true> but was: <false>
	org.opentest4j.AssertionFailedError: expected: <false> but was: <true>
	at com.geekbrains.lesson4.FunctionsTest.assertAllTest(FunctionsTest.java:88)
]]></failure>
    <system-out><![CDATA[Выполняемся перед каждым тестом
Закрытие браузера
]]></system-out>
  </testcase>
  <testcase name="isPalindromTest(String)[1]" classname="com.geekbrains.lesson4.FunctionsTest" time="0">
    <system-out><![CDATA[Выполняемся перед каждым тестом
Закрытие браузера
]]></system-out>
  </testcase>
  <testcase name="isPalindromTest(String)[2]" classname="com.geekbrains.lesson4.FunctionsTest" time="0">
    <system-out><![CDATA[Выполняемся перед каждым тестом
Закрытие браузера
]]></system-out>
  </testcase>
  <testcase name="dataProviderTest2(Cat, Boolean)[1]" classname="com.geekbrains.lesson4.FunctionsTest" time="0.001">
    <system-out><![CDATA[Выполняемся перед каждым тестом
Cat{name='Moris', age=10}
Закрытие браузера
]]></system-out>
  </testcase>
  <testcase name="dataProviderTest2(Cat, Boolean)[2]" classname="com.geekbrains.lesson4.FunctionsTest" time="0.001">
    <system-out><![CDATA[Выполняемся перед каждым тестом
Cat{name='Barsik', age=11}
Закрытие браузера
]]></system-out>
  </testcase>
</testsuite>